<?xml version="1.0" encoding="UTF-8"?>
<!-- Generated by org.testng.reporters.JUnitReportReporter -->
<testsuite hostname="Honey-PC" name="org.testing.TestScripts.TC3" tests="1" failures="0" timestamp="11 Apr 2020 09:08:58 GMT" time="0.034" errors="0">
  <testcase name="testcase3" time="0.034" classname="org.testing.TestScripts.TC3"/>
</testsuite> <!-- org.testing.TestScripts.TC3 -->
